[2017-05-15 00:00:56,170] DEBUG: start ...

[2017-11-24 15:36:42,781] INFO: {'学员': {'注册': '', '选择班级': '', '交学费': ''}, '后台管理': {'讲师管理': {'删除讲师': '', '查看讲师': '', '添加讲师': ''}, '课程管理': {'查看课程': '', '添加课程': '', '删除课程': ''}, '学校管理': {'添加学校': '', '删除学校': '', '查看学校': ''}, '班级管理': {'查看班级': '', '添加班级': '', '删除班级': ''}}, '讲师': {'选择上课班级': '', '管理班级': '', '修改学员成绩': '', '查看班级学员列表': ''}}
[2017-11-24 15:36:45,571] INFO: {'注册': '', '选择班级': '', '交学费': ''}
[2017-11-24 15:41:07,893] INFO: {'学员': {'注册': '', '交学费': '', '选择班级': ''}, '后台管理': {'讲师管理': {'添加讲师': '', '删除讲师': '', '查看讲师': ''}, '班级管理': {'查看班级': '', '添加班级': '', '删除班级': ''}, '学校管理': {'删除学校': '', '添加学校': '', '查看学校': ''}, '课程管理': {'删除课程': '', '查看课程': '', '添加课程': ''}}, '讲师': {'管理班级': '', '查看班级学员列表': '', '修改学员成绩': '', '选择上课班级': ''}}
[2017-11-24 15:41:10,808] INFO: {'讲师管理': {'添加讲师': '', '删除讲师': '', '查看讲师': ''}, '班级管理': {'查看班级': '', '添加班级': '', '删除班级': ''}, '学校管理': {'删除学校': '', '添加学校': '', '查看学校': ''}, '课程管理': {'删除课程': '', '查看课程': '', '添加课程': ''}}
[2017-11-24 15:41:11,607] INFO: {'查看班级': '', '添加班级': '', '删除班级': ''}
[2017-11-24 15:47:09,408] INFO: 选择菜单讲师
[2017-11-24 15:47:09,875] INFO: 选择菜单选择上课班级
[2017-11-24 15:48:05,532] WARNING: 输入编码错误
[2017-11-24 15:48:54,560] WARNING: 输入编码错误
[2017-11-24 15:48:57,711] WARNING: 输入编码错误
[2017-11-24 15:48:59,849] WARNING: 输入编码错误
[2017-11-24 15:49:11,105] WARNING: 输入编码错误
[2017-11-24 15:49:12,947] INFO: 选择菜单：讲师
[2017-11-24 15:49:13,931] WARNING: 输入编码错误
[2017-11-24 15:49:14,573] WARNING: 输入编码错误
[2017-11-24 15:49:14,936] WARNING: 输入编码错误
[2017-11-24 15:49:15,221] WARNING: 输入编码错误
[2017-11-24 15:49:15,521] WARNING: 输入编码错误
[2017-11-24 15:49:16,526] WARNING: 输入编码错误
[2017-11-24 15:49:17,468] WARNING: 输入编码错误
[2017-11-24 15:50:38,964] WARNING: 输入编码错误 11
[2017-11-24 15:52:24,466] INFO: 选择菜单：讲师
[2017-11-24 15:52:59,573] INFO: 退出菜单：{'2': '讲师', '1': '后台管理', '3': '学员'}
[2017-11-24 15:53:59,767] WARNING: 输入编号错误 22
[2017-11-24 15:54:02,061] INFO: 选择菜单：学员
[2017-11-24 15:54:03,671] INFO: 退出菜单
[2017-11-24 15:54:05,167] INFO: 退出菜单
[2017-11-24 16:52:43,978] INFO: 选择菜单：后台管理
[2017-11-24 16:52:46,006] INFO: 选择菜单：课程管理
[2017-11-24 16:52:47,895] INFO: 选择菜单：查看课程
[2017-11-24 16:54:18,257] INFO: 选择菜单：学员
[2017-11-24 16:54:19,911] INFO: 选择菜单：交学费
[2017-11-24 16:59:08,168] INFO: 退出菜单
[2017-11-24 17:14:21,007] INFO: 选择菜单：后台管理
[2017-11-24 17:14:22,585] INFO: 退出菜单
[2017-11-24 17:14:25,183] INFO: 退出菜单
[2017-11-29 14:44:30,034] INFO: 选择菜单：后台管理
[2017-11-29 14:44:30,855] INFO: 选择菜单：学校管理
[2017-11-29 14:44:31,398] INFO: 选择菜单：删除学校
[2017-11-30 18:20:10,624] INFO: 选择菜单：后台管理
